<?xml version="1.0" encoding="UTF-8"?>
<testng-results ignored="0" total="1" passed="1" failed="0" skipped="0">
  <reporter-output>
    <line>
      <![CDATA[no.of rows1]]>
    </line>
    <line>
      <![CDATA[Customer-00000007988 Customer-00000007988]]>
    </line>
  </reporter-output>
  <suite started-at="2024-07-08T13:22:24 IST" name="Default suite" finished-at="2024-07-08T13:22:53 IST" duration-ms="29341">
    <groups>
    </groups>
    <test started-at="2024-07-08T13:22:24 IST" name="Default test" finished-at="2024-07-08T13:22:53 IST" duration-ms="29341">
      <class name="DriverFactory.AppTest">
        <test-method is-config="true" signature="setUp()[pri:0, instance:DriverFactory.AppTest@117159c0]" started-at="2024-07-08T13:22:24 IST" name="setUp" finished-at="2024-07-08T13:22:28 IST" duration-ms="4213" status="PASS">
          <reporter-output>
          </reporter-output>
        </test-method> <!-- setUp -->
        <test-method signature="starttest()[pri:0, instance:DriverFactory.AppTest@117159c0]" started-at="2024-07-08T13:22:28 IST" name="starttest" finished-at="2024-07-08T13:22:52 IST" duration-ms="24484" status="PASS">
          <reporter-output>
            <line>
              <![CDATA[no.of rows1]]>
            </line>
            <line>
              <![CDATA[Customer-00000007988 Customer-00000007988]]>
            </line>
          </reporter-output>
        </test-method> <!-- starttest -->
        <test-method is-config="true" signature="teardown()[pri:0, instance:DriverFactory.AppTest@117159c0]" started-at="2024-07-08T13:22:52 IST" name="teardown" finished-at="2024-07-08T13:22:53 IST" duration-ms="573" status="PASS">
          <reporter-output>
          </reporter-output>
        </test-method> <!-- teardown -->
      </class> <!-- DriverFactory.AppTest -->
    </test> <!-- Default test -->
  </suite> <!-- Default suite -->
</testng-results>
